build/app/intermediates/manifest_merge_blame_file/release/manifest-merger-blame-release-report.txt
1<?xml version="1.0" encoding="utf-8"?>
2<manifest xmlns:android="http://schemas.android.com/apk/res/android"
3    package="com.securelink.vpn"
4    android:versionCode="1"
5    android:versionName="1.0.1" >
6
7    <uses-sdk
8        android:minSdkVersion="21"
8-->src\main\AndroidManifest.xml
9        android:targetSdkVersion="34" />
9-->src\main\AndroidManifest.xml
10
11    <uses-permission android:name="android.permission.INTERNET" />
11-->src\main\AndroidManifest.xml:5:5-67
11-->src\main\AndroidManifest.xml:5:22-64
12    <uses-permission android:name="android.permission.ACCESS_NETWORK_STATE" />
12-->src\main\AndroidManifest.xml:6:5-79
12-->src\main\AndroidManifest.xml:6:22-76
13    <uses-permission android:name="android.permission.FOREGROUND_SERVICE" />
13-->src\main\AndroidManifest.xml:7:5-77
13-->src\main\AndroidManifest.xml:7:22-74
14    <uses-permission android:name="android.permission.WAKE_LOCK" />
14-->src\main\AndroidManifest.xml:8:5-68
14-->src\main\AndroidManifest.xml:8:22-65
15    <!-- Billing Permission -->
16    <uses-permission android:name="com.android.vending.BILLING" />
16-->src\main\AndroidManifest.xml:10:5-67
16-->src\main\AndroidManifest.xml:10:22-64
17
18    <!-- Ads Permission for Android 12 or higher -->
19    <uses-permission android:name="com.google.android.gms.permission.AD_ID" />
19-->src\main\AndroidManifest.xml:13:5-78
19-->src\main\AndroidManifest.xml:13:22-76
20    <uses-permission android:name="android.permission.ACCESS_ADSERVICES_AD_ID" />
20-->[com.google.android.gms:play-services-ads-lite:23.0.0] AndroidManifest.xml:27:5-82
20-->[com.google.android.gms:play-services-ads-lite:23.0.0] AndroidManifest.xml:27:22-79
21    <uses-permission android:name="android.permission.ACCESS_ADSERVICES_ATTRIBUTION" />
21-->[com.google.android.gms:play-services-ads-lite:23.0.0] AndroidManifest.xml:28:5-88
21-->[com.google.android.gms:play-services-ads-lite:23.0.0] AndroidManifest.xml:28:22-85
22    <uses-permission android:name="android.permission.ACCESS_ADSERVICES_TOPICS" /> <!-- Android package visibility setting -->
22-->[com.google.android.gms:play-services-ads-lite:23.0.0] AndroidManifest.xml:29:5-83
22-->[com.google.android.gms:play-services-ads-lite:23.0.0] AndroidManifest.xml:29:22-80
23    <queries>
23-->[com.google.android.gms:play-services-ads-lite:23.0.0] AndroidManifest.xml:35:5-51:15
24
25        <!-- For browser content -->
26        <intent>
26-->[com.google.android.gms:play-services-ads-lite:23.0.0] AndroidManifest.xml:38:9-44:18
27            <action android:name="android.intent.action.VIEW" />
27-->[com.google.android.gms:play-services-ads-lite:23.0.0] AndroidManifest.xml:39:13-65
27-->[com.google.android.gms:play-services-ads-lite:23.0.0] AndroidManifest.xml:39:21-62
28
29            <category android:name="android.intent.category.BROWSABLE" />
29-->[com.google.android.gms:play-services-ads-lite:23.0.0] AndroidManifest.xml:41:13-74
29-->[com.google.android.gms:play-services-ads-lite:23.0.0] AndroidManifest.xml:41:23-71
30
31            <data android:scheme="https" />
31-->[com.google.android.gms:play-services-ads-lite:23.0.0] AndroidManifest.xml:43:13-44
31-->[com.google.android.gms:play-services-ads-lite:23.0.0] AndroidManifest.xml:43:19-41
32        </intent>
33        <!-- End of browser content -->
34        <!-- For CustomTabsService -->
35        <intent>
35-->[com.google.android.gms:play-services-ads-lite:23.0.0] AndroidManifest.xml:47:9-49:18
36            <action android:name="android.support.customtabs.action.CustomTabsService" />
36-->[com.google.android.gms:play-services-ads-lite:23.0.0] AndroidManifest.xml:48:13-90
36-->[com.google.android.gms:play-services-ads-lite:23.0.0] AndroidManifest.xml:48:21-87
37        </intent>
38        <!-- End of CustomTabsService -->
39        <intent>
39-->[com.android.billingclient:billing:6.0.1] AndroidManifest.xml:13:9-15:18
40            <action android:name="com.android.vending.billing.InAppBillingService.BIND" />
40-->[com.android.billingclient:billing:6.0.1] AndroidManifest.xml:14:13-91
40-->[com.android.billingclient:billing:6.0.1] AndroidManifest.xml:14:21-88
41        </intent>
42    </queries>
43
44    <application
45        android:name="android.app.Application"
45-->src\main\AndroidManifest.xml:17:9-42
46        android:appComponentFactory="androidx.core.app.CoreComponentFactory"
46-->[androidx.core:core:1.8.0] AndroidManifest.xml:24:18-86
47        android:icon="@mipmap/ic_launcher"
47-->src\main\AndroidManifest.xml:19:9-43
48        android:label="Secure Link" >
48-->src\main\AndroidManifest.xml:18:9-36
49
50        <!-- For Ads -->
51        <meta-data
51-->src\main\AndroidManifest.xml:23:9-25:69
52            android:name="com.google.android.gms.ads.APPLICATION_ID"
52-->src\main\AndroidManifest.xml:24:13-69
53            android:value="ca-app-pub-3940256099942544~3347511713" />
53-->src\main\AndroidManifest.xml:25:13-67
54
55        <activity
55-->src\main\AndroidManifest.xml:27:9-44:20
56            android:name="com.securelink.vpn.MainActivity"
56-->src\main\AndroidManifest.xml:28:13-41
57            android:configChanges="orientation|keyboardHidden|keyboard|screenSize|smallestScreenSize|locale|layoutDirection|fontScale|screenLayout|density|uiMode"
57-->src\main\AndroidManifest.xml:32:13-163
58            android:exported="true"
58-->src\main\AndroidManifest.xml:30:13-36
59            android:hardwareAccelerated="true"
59-->src\main\AndroidManifest.xml:33:13-47
60            android:launchMode="singleTop"
60-->src\main\AndroidManifest.xml:29:13-43
61            android:theme="@style/LaunchTheme"
61-->src\main\AndroidManifest.xml:31:13-47
62            android:windowSoftInputMode="adjustResize" >
62-->src\main\AndroidManifest.xml:34:13-55
63            <meta-data
63-->src\main\AndroidManifest.xml:36:13-38:54
64                android:name="io.flutter.embedding.android.NormalTheme"
64-->src\main\AndroidManifest.xml:37:15-70
65                android:resource="@style/NormalTheme" />
65-->src\main\AndroidManifest.xml:38:15-52
66
67            <intent-filter>
67-->src\main\AndroidManifest.xml:40:13-43:29
68                <action android:name="android.intent.action.MAIN" />
68-->src\main\AndroidManifest.xml:41:17-68
68-->src\main\AndroidManifest.xml:41:25-66
69
70                <category android:name="android.intent.category.LAUNCHER" />
70-->src\main\AndroidManifest.xml:42:17-76
70-->src\main\AndroidManifest.xml:42:27-74
71            </intent-filter>
72        </activity>
73
74        <meta-data
74-->src\main\AndroidManifest.xml:46:9-48:33
75            android:name="flutterEmbedding"
75-->src\main\AndroidManifest.xml:47:13-44
76            android:value="2" />
76-->src\main\AndroidManifest.xml:48:13-30
77
78        <activity
78-->src\main\AndroidManifest.xml:50:9-56:52
79            android:name="de.blinkt.openvpn.DisconnectVPNActivity"
79-->src\main\AndroidManifest.xml:51:13-67
80            android:excludeFromRecents="true"
80-->src\main\AndroidManifest.xml:52:13-46
81            android:exported="false"
81-->src\main\AndroidManifest.xml:54:13-37
82            android:noHistory="true"
82-->src\main\AndroidManifest.xml:53:13-37
83            android:taskAffinity=".DisconnectVPN"
83-->src\main\AndroidManifest.xml:55:13-50
84            android:theme="@style/blinkt.dialog" />
84-->src\main\AndroidManifest.xml:56:13-49
85
86        <service
86-->src\main\AndroidManifest.xml:58:9-65:19
87            android:name="de.blinkt.openvpn.core.OpenVPNService"
87-->src\main\AndroidManifest.xml:59:13-65
88            android:exported="true"
88-->src\main\AndroidManifest.xml:60:13-36
89            android:permission="android.permission.BIND_VPN_SERVICE" >
89-->src\main\AndroidManifest.xml:61:13-69
90            <intent-filter>
90-->src\main\AndroidManifest.xml:62:13-64:29
91                <action android:name="android.net.VpnService" />
91-->src\main\AndroidManifest.xml:63:17-65
91-->src\main\AndroidManifest.xml:63:25-62
92            </intent-filter>
93        </service>
94        <service
94-->[:firebase_remote_config] AndroidManifest.xml:10:9-14:19
95            android:name="com.google.firebase.components.ComponentDiscoveryService"
95-->[:firebase_remote_config] AndroidManifest.xml:10:18-89
96            android:directBootAware="true"
96-->[com.google.firebase:firebase-common:21.0.0] AndroidManifest.xml:32:13-43
97            android:exported="false" >
97-->[com.google.firebase:firebase-config:22.0.0] AndroidManifest.xml:28:13-37
98            <meta-data
98-->[:firebase_remote_config] AndroidManifest.xml:11:13-13:85
99                android:name="com.google.firebase.components:io.flutter.plugins.firebase.firebaseremoteconfig.FlutterFirebaseAppRegistrar"
99-->[:firebase_remote_config] AndroidManifest.xml:12:17-139
100                android:value="com.google.firebase.components.ComponentRegistrar" />
100-->[:firebase_remote_config] AndroidManifest.xml:13:17-82
101            <meta-data
101-->[:firebase_core] AndroidManifest.xml:11:13-13:85
102                android:name="com.google.firebase.components:io.flutter.plugins.firebase.core.FlutterFirebaseCoreRegistrar"
102-->[:firebase_core] AndroidManifest.xml:12:17-124
103                android:value="com.google.firebase.components.ComponentRegistrar" />
103-->[:firebase_core] AndroidManifest.xml:13:17-82
104            <meta-data
104-->[com.google.firebase:firebase-config:22.0.0] AndroidManifest.xml:29:13-31:85
105                android:name="com.google.firebase.components:com.google.firebase.remoteconfig.FirebaseRemoteConfigKtxRegistrar"
105-->[com.google.firebase:firebase-config:22.0.0] AndroidManifest.xml:30:17-128
106                android:value="com.google.firebase.components.ComponentRegistrar" />
106-->[com.google.firebase:firebase-config:22.0.0] AndroidManifest.xml:31:17-82
107            <meta-data
107-->[com.google.firebase:firebase-config:22.0.0] AndroidManifest.xml:32:13-34:85
108                android:name="com.google.firebase.components:com.google.firebase.remoteconfig.RemoteConfigRegistrar"
108-->[com.google.firebase:firebase-config:22.0.0] AndroidManifest.xml:33:17-117
109                android:value="com.google.firebase.components.ComponentRegistrar" />
109-->[com.google.firebase:firebase-config:22.0.0] AndroidManifest.xml:34:17-82
110            <meta-data
110-->[com.google.firebase:firebase-installations:18.0.0] AndroidManifest.xml:15:13-17:85
111                android:name="com.google.firebase.components:com.google.firebase.installations.FirebaseInstallationsKtxRegistrar"
111-->[com.google.firebase:firebase-installations:18.0.0] AndroidManifest.xml:16:17-130
112                android:value="com.google.firebase.components.ComponentRegistrar" />
112-->[com.google.firebase:firebase-installations:18.0.0] AndroidManifest.xml:17:17-82
113            <meta-data
113-->[com.google.firebase:firebase-installations:18.0.0] AndroidManifest.xml:18:13-20:85
114                android:name="com.google.firebase.components:com.google.firebase.installations.FirebaseInstallationsRegistrar"
114-->[com.google.firebase:firebase-installations:18.0.0] AndroidManifest.xml:19:17-127
115                android:value="com.google.firebase.components.ComponentRegistrar" />
115-->[com.google.firebase:firebase-installations:18.0.0] AndroidManifest.xml:20:17-82
116            <meta-data
116-->[com.google.firebase:firebase-common-ktx:21.0.0] AndroidManifest.xml:12:13-14:85
117                android:name="com.google.firebase.components:com.google.firebase.ktx.FirebaseCommonLegacyRegistrar"
117-->[com.google.firebase:firebase-common-ktx:21.0.0] AndroidManifest.xml:13:17-116
118                android:value="com.google.firebase.components.ComponentRegistrar" />
118-->[com.google.firebase:firebase-common-ktx:21.0.0] AndroidManifest.xml:14:17-82
119            <meta-data
119-->[com.google.firebase:firebase-common:21.0.0] AndroidManifest.xml:35:13-37:85
120                android:name="com.google.firebase.components:com.google.firebase.FirebaseCommonKtxRegistrar"
120-->[com.google.firebase:firebase-common:21.0.0] AndroidManifest.xml:36:17-109
121                android:value="com.google.firebase.components.ComponentRegistrar" />
121-->[com.google.firebase:firebase-common:21.0.0] AndroidManifest.xml:37:17-82
122            <meta-data
122-->[com.google.firebase:firebase-abt:21.1.1] AndroidManifest.xml:12:13-14:85
123                android:name="com.google.firebase.components:com.google.firebase.abt.component.AbtRegistrar"
123-->[com.google.firebase:firebase-abt:21.1.1] AndroidManifest.xml:13:17-109
124                android:value="com.google.firebase.components.ComponentRegistrar" />
124-->[com.google.firebase:firebase-abt:21.1.1] AndroidManifest.xml:14:17-82
125        </service>
126
127        <meta-data
127-->[:google_mobile_ads] AndroidManifest.xml:12:9-14:36
128            android:name="io.flutter.embedded_views_preview"
128-->[:google_mobile_ads] AndroidManifest.xml:13:13-61
129            android:value="true" /> <!-- Include the AdActivity and InAppPurchaseActivity configChanges and themes. -->
129-->[:google_mobile_ads] AndroidManifest.xml:14:13-33
130        <activity
130-->[com.google.android.gms:play-services-ads-lite:23.0.0] AndroidManifest.xml:56:9-61:43
131            android:name="com.google.android.gms.ads.AdActivity"
131-->[com.google.android.gms:play-services-ads-lite:23.0.0] AndroidManifest.xml:57:13-65
132            android:configChanges="keyboard|keyboardHidden|orientation|screenLayout|uiMode|screenSize|smallestScreenSize"
132-->[com.google.android.gms:play-services-ads-lite:23.0.0] AndroidManifest.xml:58:13-122
133            android:exported="false"
133-->[com.google.android.gms:play-services-ads-lite:23.0.0] AndroidManifest.xml:59:13-37
134            android:theme="@android:style/Theme.Translucent" />
134-->[com.google.android.gms:play-services-ads-lite:23.0.0] AndroidManifest.xml:60:13-61
135
136        <provider
136-->[com.google.android.gms:play-services-ads-lite:23.0.0] AndroidManifest.xml:63:9-68:43
137            android:name="com.google.android.gms.ads.MobileAdsInitProvider"
137-->[com.google.android.gms:play-services-ads-lite:23.0.0] AndroidManifest.xml:64:13-76
138            android:authorities="com.securelink.vpn.mobileadsinitprovider"
138-->[com.google.android.gms:play-services-ads-lite:23.0.0] AndroidManifest.xml:65:13-73
139            android:exported="false"
139-->[com.google.android.gms:play-services-ads-lite:23.0.0] AndroidManifest.xml:66:13-37
140            android:initOrder="100" />
140-->[com.google.android.gms:play-services-ads-lite:23.0.0] AndroidManifest.xml:67:13-36
141
142        <service
142-->[com.google.android.gms:play-services-ads-lite:23.0.0] AndroidManifest.xml:70:9-74:43
143            android:name="com.google.android.gms.ads.AdService"
143-->[com.google.android.gms:play-services-ads-lite:23.0.0] AndroidManifest.xml:71:13-64
144            android:enabled="true"
144-->[com.google.android.gms:play-services-ads-lite:23.0.0] AndroidManifest.xml:72:13-35
145            android:exported="false" />
145-->[com.google.android.gms:play-services-ads-lite:23.0.0] AndroidManifest.xml:73:13-37
146
147        <activity
147-->[com.google.android.gms:play-services-ads-lite:23.0.0] AndroidManifest.xml:76:9-80:43
148            android:name="com.google.android.gms.ads.OutOfContextTestingActivity"
148-->[com.google.android.gms:play-services-ads-lite:23.0.0] AndroidManifest.xml:77:13-82
149            android:configChanges="keyboard|keyboardHidden|orientation|screenLayout|uiMode|screenSize|smallestScreenSize"
149-->[com.google.android.gms:play-services-ads-lite:23.0.0] AndroidManifest.xml:78:13-122
150            android:exported="false" />
150-->[com.google.android.gms:play-services-ads-lite:23.0.0] AndroidManifest.xml:79:13-37
151        <activity
151-->[com.google.android.gms:play-services-ads-lite:23.0.0] AndroidManifest.xml:81:9-88:43
152            android:name="com.google.android.gms.ads.NotificationHandlerActivity"
152-->[com.google.android.gms:play-services-ads-lite:23.0.0] AndroidManifest.xml:82:13-82
153            android:excludeFromRecents="true"
153-->[com.google.android.gms:play-services-ads-lite:23.0.0] AndroidManifest.xml:83:13-46
154            android:exported="false"
154-->[com.google.android.gms:play-services-ads-lite:23.0.0] AndroidManifest.xml:84:13-37
155            android:launchMode="singleTask"
155-->[com.google.android.gms:play-services-ads-lite:23.0.0] AndroidManifest.xml:85:13-44
156            android:taskAffinity=""
156-->[com.google.android.gms:play-services-ads-lite:23.0.0] AndroidManifest.xml:86:13-36
157            android:theme="@android:style/Theme.Translucent.NoTitleBar" />
157-->[com.google.android.gms:play-services-ads-lite:23.0.0] AndroidManifest.xml:87:13-72
158
159        <property
159-->[com.google.android.gms:play-services-ads-lite:23.0.0] AndroidManifest.xml:90:9-92:62
160            android:name="android.adservices.AD_SERVICES_CONFIG"
160-->[com.google.android.gms:play-services-ads-lite:23.0.0] AndroidManifest.xml:91:13-65
161            android:resource="@xml/gma_ad_services_config" />
161-->[com.google.android.gms:play-services-ads-lite:23.0.0] AndroidManifest.xml:92:13-59
162
163        <provider
163-->[androidx.work:work-runtime:2.7.0] AndroidManifest.xml:31:9-39:20
164            android:name="androidx.startup.InitializationProvider"
164-->[androidx.work:work-runtime:2.7.0] AndroidManifest.xml:32:13-67
165            android:authorities="com.securelink.vpn.androidx-startup"
165-->[androidx.work:work-runtime:2.7.0] AndroidManifest.xml:33:13-68
166            android:exported="false" >
166-->[androidx.work:work-runtime:2.7.0] AndroidManifest.xml:34:13-37
167            <meta-data
167-->[androidx.work:work-runtime:2.7.0] AndroidManifest.xml:36:13-38:52
168                android:name="androidx.work.WorkManagerInitializer"
168-->[androidx.work:work-runtime:2.7.0] AndroidManifest.xml:37:17-68
169                android:value="androidx.startup" />
169-->[androidx.work:work-runtime:2.7.0] AndroidManifest.xml:38:17-49
170            <meta-data
170-->[androidx.lifecycle:lifecycle-process:2.6.2] AndroidManifest.xml:29:13-31:52
171                android:name="androidx.lifecycle.ProcessLifecycleInitializer"
171-->[androidx.lifecycle:lifecycle-process:2.6.2] AndroidManifest.xml:30:17-78
172                android:value="androidx.startup" />
172-->[androidx.lifecycle:lifecycle-process:2.6.2] AndroidManifest.xml:31:17-49
173            <meta-data
173-->[androidx.profileinstaller:profileinstaller:1.3.0] AndroidManifest.xml:29:13-31:52
174                android:name="androidx.profileinstaller.ProfileInstallerInitializer"
174-->[androidx.profileinstaller:profileinstaller:1.3.0] AndroidManifest.xml:30:17-85
175                android:value="androidx.startup" />
175-->[androidx.profileinstaller:profileinstaller:1.3.0] AndroidManifest.xml:31:17-49
176        </provider>
177
178        <service
178-->[androidx.work:work-runtime:2.7.0] AndroidManifest.xml:41:9-46:35
179            android:name="androidx.work.impl.background.systemalarm.SystemAlarmService"
179-->[androidx.work:work-runtime:2.7.0] AndroidManifest.xml:42:13-88
180            android:directBootAware="false"
180-->[androidx.work:work-runtime:2.7.0] AndroidManifest.xml:43:13-44
181            android:enabled="@bool/enable_system_alarm_service_default"
181-->[androidx.work:work-runtime:2.7.0] AndroidManifest.xml:44:13-72
182            android:exported="false" />
182-->[androidx.work:work-runtime:2.7.0] AndroidManifest.xml:45:13-37
183        <service
183-->[androidx.work:work-runtime:2.7.0] AndroidManifest.xml:47:9-53:35
184            android:name="androidx.work.impl.background.systemjob.SystemJobService"
184-->[androidx.work:work-runtime:2.7.0] AndroidManifest.xml:48:13-84
185            android:directBootAware="false"
185-->[androidx.work:work-runtime:2.7.0] AndroidManifest.xml:49:13-44
186            android:enabled="@bool/enable_system_job_service_default"
186-->[androidx.work:work-runtime:2.7.0] AndroidManifest.xml:50:13-70
187            android:exported="true"
187-->[androidx.work:work-runtime:2.7.0] AndroidManifest.xml:51:13-36
188            android:permission="android.permission.BIND_JOB_SERVICE" />
188-->[androidx.work:work-runtime:2.7.0] AndroidManifest.xml:52:13-69
189        <service
189-->[androidx.work:work-runtime:2.7.0] AndroidManifest.xml:54:9-59:35
190            android:name="androidx.work.impl.foreground.SystemForegroundService"
190-->[androidx.work:work-runtime:2.7.0] AndroidManifest.xml:55:13-81
191            android:directBootAware="false"
191-->[androidx.work:work-runtime:2.7.0] AndroidManifest.xml:56:13-44
192            android:enabled="@bool/enable_system_foreground_service_default"
192-->[androidx.work:work-runtime:2.7.0] AndroidManifest.xml:57:13-77
193            android:exported="false" />
193-->[androidx.work:work-runtime:2.7.0] AndroidManifest.xml:58:13-37
194
195        <receiver
195-->[androidx.work:work-runtime:2.7.0] AndroidManifest.xml:61:9-66:35
196            android:name="androidx.work.impl.utils.ForceStopRunnable$BroadcastReceiver"
196-->[androidx.work:work-runtime:2.7.0] AndroidManifest.xml:62:13-88
197            android:directBootAware="false"
197-->[androidx.work:work-runtime:2.7.0] AndroidManifest.xml:63:13-44
198            android:enabled="true"
198-->[androidx.work:work-runtime:2.7.0] AndroidManifest.xml:64:13-35
199            android:exported="false" />
199-->[androidx.work:work-runtime:2.7.0] AndroidManifest.xml:65:13-37
200        <receiver
200-->[androidx.work:work-runtime:2.7.0] AndroidManifest.xml:67:9-77:20
201            android:name="androidx.work.impl.background.systemalarm.ConstraintProxy$BatteryChargingProxy"
201-->[androidx.work:work-runtime:2.7.0] AndroidManifest.xml:68:13-106
202            android:directBootAware="false"
202-->[androidx.work:work-runtime:2.7.0] AndroidManifest.xml:69:13-44
203            android:enabled="false"
203-->[androidx.work:work-runtime:2.7.0] AndroidManifest.xml:70:13-36
204            android:exported="false" >
204-->[androidx.work:work-runtime:2.7.0] AndroidManifest.xml:71:13-37
205            <intent-filter>
205-->[androidx.work:work-runtime:2.7.0] AndroidManifest.xml:73:13-76:29
206                <action android:name="android.intent.action.ACTION_POWER_CONNECTED" />
206-->[androidx.work:work-runtime:2.7.0] AndroidManifest.xml:74:17-87
206-->[androidx.work:work-runtime:2.7.0] AndroidManifest.xml:74:25-84
207                <action android:name="android.intent.action.ACTION_POWER_DISCONNECTED" />
207-->[androidx.work:work-runtime:2.7.0] AndroidManifest.xml:75:17-90
207-->[androidx.work:work-runtime:2.7.0] AndroidManifest.xml:75:25-87
208            </intent-filter>
209        </receiver>
210        <receiver
210-->[androidx.work:work-runtime:2.7.0] AndroidManifest.xml:78:9-88:20
211            android:name="androidx.work.impl.background.systemalarm.ConstraintProxy$BatteryNotLowProxy"
211-->[androidx.work:work-runtime:2.7.0] AndroidManifest.xml:79:13-104
212            android:directBootAware="false"
212-->[androidx.work:work-runtime:2.7.0] AndroidManifest.xml:80:13-44
213            android:enabled="false"
213-->[androidx.work:work-runtime:2.7.0] AndroidManifest.xml:81:13-36
214            android:exported="false" >
214-->[androidx.work:work-runtime:2.7.0] AndroidManifest.xml:82:13-37
215            <intent-filter>
215-->[androidx.work:work-runtime:2.7.0] AndroidManifest.xml:84:13-87:29
216                <action android:name="android.intent.action.BATTERY_OKAY" />
216-->[androidx.work:work-runtime:2.7.0] AndroidManifest.xml:85:17-77
216-->[androidx.work:work-runtime:2.7.0] AndroidManifest.xml:85:25-74
217                <action android:name="android.intent.action.BATTERY_LOW" />
217-->[androidx.work:work-runtime:2.7.0] AndroidManifest.xml:86:17-76
217-->[androidx.work:work-runtime:2.7.0] AndroidManifest.xml:86:25-73
218            </intent-filter>
219        </receiver>
220        <receiver
220-->[androidx.work:work-runtime:2.7.0] AndroidManifest.xml:89:9-99:20
221            android:name="androidx.work.impl.background.systemalarm.ConstraintProxy$StorageNotLowProxy"
221-->[androidx.work:work-runtime:2.7.0] AndroidManifest.xml:90:13-104
222            android:directBootAware="false"
222-->[androidx.work:work-runtime:2.7.0] AndroidManifest.xml:91:13-44
223            android:enabled="false"
223-->[androidx.work:work-runtime:2.7.0] AndroidManifest.xml:92:13-36
224            android:exported="false" >
224-->[androidx.work:work-runtime:2.7.0] AndroidManifest.xml:93:13-37
225            <intent-filter>
225-->[androidx.work:work-runtime:2.7.0] AndroidManifest.xml:95:13-98:29
226                <action android:name="android.intent.action.DEVICE_STORAGE_LOW" />
226-->[androidx.work:work-runtime:2.7.0] AndroidManifest.xml:96:17-83
226-->[androidx.work:work-runtime:2.7.0] AndroidManifest.xml:96:25-80
227                <action android:name="android.intent.action.DEVICE_STORAGE_OK" />
227-->[androidx.work:work-runtime:2.7.0] AndroidManifest.xml:97:17-82
227-->[androidx.work:work-runtime:2.7.0] AndroidManifest.xml:97:25-79
228            </intent-filter>
229        </receiver>
230        <receiver
230-->[androidx.work:work-runtime:2.7.0] AndroidManifest.xml:100:9-109:20
231            android:name="androidx.work.impl.background.systemalarm.ConstraintProxy$NetworkStateProxy"
231-->[androidx.work:work-runtime:2.7.0] AndroidManifest.xml:101:13-103
232            android:directBootAware="false"
232-->[androidx.work:work-runtime:2.7.0] AndroidManifest.xml:102:13-44
233            android:enabled="false"
233-->[androidx.work:work-runtime:2.7.0] AndroidManifest.xml:103:13-36
234            android:exported="false" >
234-->[androidx.work:work-runtime:2.7.0] AndroidManifest.xml:104:13-37
235            <intent-filter>
235-->[androidx.work:work-runtime:2.7.0] AndroidManifest.xml:106:13-108:29
236                <action android:name="android.net.conn.CONNECTIVITY_CHANGE" />
236-->[androidx.work:work-runtime:2.7.0] AndroidManifest.xml:107:17-79
236-->[androidx.work:work-runtime:2.7.0] AndroidManifest.xml:107:25-76
237            </intent-filter>
238        </receiver>
239        <receiver
239-->[androidx.work:work-runtime:2.7.0] AndroidManifest.xml:110:9-121:20
240            android:name="androidx.work.impl.background.systemalarm.RescheduleReceiver"
240-->[androidx.work:work-runtime:2.7.0] AndroidManifest.xml:111:13-88
241            android:directBootAware="false"
241-->[androidx.work:work-runtime:2.7.0] AndroidManifest.xml:112:13-44
242            android:enabled="false"
242-->[androidx.work:work-runtime:2.7.0] AndroidManifest.xml:113:13-36
243            android:exported="false" >
243-->[androidx.work:work-runtime:2.7.0] AndroidManifest.xml:114:13-37
244            <intent-filter>
244-->[androidx.work:work-runtime:2.7.0] AndroidManifest.xml:116:13-120:29
245                <action android:name="android.intent.action.BOOT_COMPLETED" />
245-->[androidx.work:work-runtime:2.7.0] AndroidManifest.xml:117:17-79
245-->[androidx.work:work-runtime:2.7.0] AndroidManifest.xml:117:25-76
246                <action android:name="android.intent.action.TIME_SET" />
246-->[androidx.work:work-runtime:2.7.0] AndroidManifest.xml:118:17-73
246-->[androidx.work:work-runtime:2.7.0] AndroidManifest.xml:118:25-70
247                <action android:name="android.intent.action.TIMEZONE_CHANGED" />
247-->[androidx.work:work-runtime:2.7.0] AndroidManifest.xml:119:17-81
247-->[androidx.work:work-runtime:2.7.0] AndroidManifest.xml:119:25-78
248            </intent-filter>
249        </receiver>
250        <receiver
250-->[androidx.work:work-runtime:2.7.0] AndroidManifest.xml:122:9-131:20
251            android:name="androidx.work.impl.background.systemalarm.ConstraintProxyUpdateReceiver"
251-->[androidx.work:work-runtime:2.7.0] AndroidManifest.xml:123:13-99
252            android:directBootAware="false"
252-->[androidx.work:work-runtime:2.7.0] AndroidManifest.xml:124:13-44
253            android:enabled="@bool/enable_system_alarm_service_default"
253-->[androidx.work:work-runtime:2.7.0] AndroidManifest.xml:125:13-72
254            android:exported="false" >
254-->[androidx.work:work-runtime:2.7.0] AndroidManifest.xml:126:13-37
255            <intent-filter>
255-->[androidx.work:work-runtime:2.7.0] AndroidManifest.xml:128:13-130:29
256                <action android:name="androidx.work.impl.background.systemalarm.UpdateProxies" />
256-->[androidx.work:work-runtime:2.7.0] AndroidManifest.xml:129:17-98
256-->[androidx.work:work-runtime:2.7.0] AndroidManifest.xml:129:25-95
257            </intent-filter>
258        </receiver>
259        <receiver
259-->[androidx.work:work-runtime:2.7.0] AndroidManifest.xml:132:9-142:20
260            android:name="androidx.work.impl.diagnostics.DiagnosticsReceiver"
260-->[androidx.work:work-runtime:2.7.0] AndroidManifest.xml:133:13-78
261            android:directBootAware="false"
261-->[androidx.work:work-runtime:2.7.0] AndroidManifest.xml:134:13-44
262            android:enabled="true"
262-->[androidx.work:work-runtime:2.7.0] AndroidManifest.xml:135:13-35
263            android:exported="true"
263-->[androidx.work:work-runtime:2.7.0] AndroidManifest.xml:136:13-36
264            android:permission="android.permission.DUMP" >
264-->[androidx.work:work-runtime:2.7.0] AndroidManifest.xml:137:13-57
265            <intent-filter>
265-->[androidx.work:work-runtime:2.7.0] AndroidManifest.xml:139:13-141:29
266                <action android:name="androidx.work.diagnostics.REQUEST_DIAGNOSTICS" />
266-->[androidx.work:work-runtime:2.7.0] AndroidManifest.xml:140:17-88
266-->[androidx.work:work-runtime:2.7.0] AndroidManifest.xml:140:25-85
267            </intent-filter>
268        </receiver>
269
270        <provider
270-->[com.google.firebase:firebase-common:21.0.0] AndroidManifest.xml:23:9-28:39
271            android:name="com.google.firebase.provider.FirebaseInitProvider"